{
  source: 'ReqMethod:POST, endpoint /',
  userId: '6692ccc478731d4c349aee6f',
  userEmail: 'premium5@test.com',
  userAgent: 'PostmanRuntime/7.40.0',
  name: 'Duplicate Code',
  cause: 'Code 45835 is already registered and cannot be duplicated',
  stack: 'Duplicate Code: Code 45835 is already registered and cannot be duplicated\n' +
    '    at Function.createError (file:///D:/Coding/53140-backend/codigo/desafios/desafiosEntregables/d15_practicaIntegradora3/src/utils/CustomError.js:3:23)\n' +
    '    at postProduct (file:///D:/Coding/53140-backend/codigo/desafios/desafiosEntregables/d15_practicaIntegradora3/src/controller/productsController.js:125:29)\n' +
    '    at processTicksAndRejections (node:internal/process/task_queues:96:5)',
  level: 'error',
  message: 'Server Error 500',
  timestamp: '2024-07-23T16:05:37.669Z',
  label: 'Environment: prod'
}
{
  source: 'ReqMethod:POST, endpoint /',
  userId: '66dca2944c3697a6d4d7e926',
  userEmail: 'gabymh4@gmail.com',
  userAgent: 'PostmanRuntime/7.41.2',
  name: 'Duplicate Code',
  cause: 'Code 88457 is already registered and cannot be duplicated',
  stack: 'Duplicate Code: Code 88457 is already registered and cannot be duplicated\n' +
    '    at Function.createError (file:///D:/Coding/53140-backend/codigo/desafios/desafiosEntregables/d19_ProyectoFinal/src/utils/CustomError.js:3:23)\n' +
    '    at postProduct (file:///D:/Coding/53140-backend/codigo/desafios/desafiosEntregables/d19_ProyectoFinal/src/controller/productsController.js:112:29)\n' +
    '    at processTicksAndRejections (node:internal/process/task_queues:96:5)',
  level: 'error',
  message: 'Server Error 500',
  timestamp: '2024-09-07T23:59:25.322Z',
  label: 'Environment: prod'
}
